# JRE version: OpenJDK Runtime Environment (21.0.6) (build 21.0.6+-13119726-b895.91)
# Java VM: OpenJDK 64-Bit Server VM (21.0.6+-13119726-b895.91, mixed mode, tiered, compressed oops, compressed class ptrs, g1 gc, bsd-amd64)
GC Precious Log:
 CardTable entry size: 512
 Card Set container configuration: InlinePtr #cards 5 size 8 Array Of Cards #cards 12 size 40 Howl #buckets 4 coarsen threshold 1843 Howl Bitmap #cards 512 size 80 coarsen threshold 460 Card regions per heap region 1 cards per card region 2048
 CPUs: 4 total, 4 available
 Memory: 8192M
 Large Page Support: Disabled
 NUMA Support: Disabled
 Compressed Oops: Enabled (Zero based)
 Heap Region Size: 1M
 Heap Min Capacity: 8M
 Heap Initial Capacity: 128M
 Heap Max Capacity: 2G
 Pre-touch: Disabled
 Parallel Workers: 4
 Concurrent Workers: 1
 Concurrent Refinement Workers: 4
 Periodic GC: Disabled
Heap:
 garbage-first heap   total 321536K, used 234496K [0x0000000780000000, 0x0000000800000000)
  region size 1024K, 76 young (77824K), 6 survivors (6144K)
 Metaspace       used 149355K, committed 151744K, reserved 1179648K
  class space    used 20480K, committed 21696K, reserved 1048576K
GC Heap History (20 events):
Event: 56.847 GC heap before
{Heap before GC invocations=59 (full 0):
 garbage-first heap   total 276480K, used 257062K [0x0000000780000000, 0x0000000800000000)
  region size 1024K, 119 young (121856K), 4 survivors (4096K)
 Metaspace       used 142472K, committed 144832K, reserved 1179648K
  class space    used 19780K, committed 20992K, reserved 1048576K
}
Event: 56.855 GC heap after
{Heap after GC invocations=60 (full 0):
 garbage-first heap   total 276480K, used 139515K [0x0000000780000000, 0x0000000800000000)
  region size 1024K, 4 young (4096K), 4 survivors (4096K)
 Metaspace       used 142472K, committed 144832K, reserved 1179648K
  class space    used 19780K, committed 20992K, reserved 1048576K
}
Event: 57.694 GC heap before
{Heap before GC invocations=61 (full 0):
 garbage-first heap   total 276480K, used 257275K [0x0000000780000000, 0x0000000800000000)
  region size 1024K, 119 young (121856K), 4 survivors (4096K)
 Metaspace       used 142688K, committed 145088K, reserved 1179648K
  class space    used 19794K, committed 20992K, reserved 1048576K
}
Event: 57.700 GC heap after
{Heap after GC invocations=62 (full 0):
 garbage-first heap   total 276480K, used 139030K [0x0000000780000000, 0x0000000800000000)
  region size 1024K, 4 young (4096K), 4 survivors (4096K)
 Metaspace       used 142688K, committed 145088K, reserved 1179648K
  class space    used 19794K, committed 20992K, reserved 1048576K
}
Event: 59.057 GC heap before
{Heap before GC invocations=62 (full 0):
 garbage-first heap   total 276480K, used 258838K [0x0000000780000000, 0x0000000800000000)
  region size 1024K, 119 young (121856K), 4 survivors (4096K)
 Metaspace       used 145298K, committed 147648K, reserved 1179648K
  class space    used 20113K, committed 21312K, reserved 1048576K
}
Event: 59.069 GC heap after
{Heap after GC invocations=63 (full 0):
 garbage-first heap   total 276480K, used 140964K [0x0000000780000000, 0x0000000800000000)
  region size 1024K, 6 young (6144K), 6 survivors (6144K)
 Metaspace       used 145298K, committed 147648K, reserved 1179648K
  class space    used 20113K, committed 21312K, reserved 1048576K
}
Event: 59.393 GC heap before
{Heap before GC invocations=63 (full 0):
 garbage-first heap   total 276480K, used 148132K [0x0000000780000000, 0x0000000800000000)
  region size 1024K, 15 young (15360K), 6 survivors (6144K)
 Metaspace       used 146259K, committed 148544K, reserved 1179648K
  class space    used 20240K, committed 21376K, reserved 1048576K
}
Event: 59.411 GC heap after
{Heap after GC invocations=64 (full 0):
 garbage-first heap   total 276480K, used 141737K [0x0000000780000000, 0x0000000800000000)
  region size 1024K, 7 young (7168K), 7 survivors (7168K)
 Metaspace       used 146259K, committed 148544K, reserved 1179648K
  class space    used 20240K, committed 21376K, reserved 1048576K
}
Event: 240.304 GC heap before
{Heap before GC invocations=65 (full 0):
 garbage-first heap   total 306176K, used 292265K [0x0000000780000000, 0x0000000800000000)
  region size 1024K, 115 young (117760K), 7 survivors (7168K)
 Metaspace       used 148152K, committed 150528K, reserved 1179648K
  class space    used 20468K, committed 21696K, reserved 1048576K
}
Event: 240.381 GC heap after
{Heap after GC invocations=66 (full 0):
 garbage-first heap   total 310272K, used 151471K [0x0000000780000000, 0x0000000800000000)
  region size 1024K, 15 young (15360K), 15 survivors (15360K)
 Metaspace       used 148152K, committed 150528K, reserved 1179648K
  class space    used 20468K, committed 21696K, reserved 1048576K
}
Event: 250.796 GC heap before
{Heap before GC invocations=66 (full 0):
 garbage-first heap   total 310272K, used 277423K [0x0000000780000000, 0x0000000800000000)
  region size 1024K, 139 young (142336K), 15 survivors (15360K)
 Metaspace       used 148374K, committed 150784K, reserved 1179648K
  class space    used 20469K, committed 21696K, reserved 1048576K
}
Event: 250.875 GC heap after
{Heap after GC invocations=67 (full 0):
 garbage-first heap   total 310272K, used 158300K [0x0000000780000000, 0x0000000800000000)
  region size 1024K, 9 young (9216K), 9 survivors (9216K)
 Metaspace       used 148374K, committed 150784K, reserved 1179648K
  class space    used 20469K, committed 21696K, reserved 1048576K
}
Event: 252.246 GC heap before
{Heap before GC invocations=67 (full 0):
 garbage-first heap   total 310272K, used 283228K [0x0000000780000000, 0x0000000800000000)
  region size 1024K, 132 young (135168K), 9 survivors (9216K)
 Metaspace       used 148410K, committed 150848K, reserved 1179648K
  class space    used 20469K, committed 21696K, reserved 1048576K
}
Event: 252.255 GC heap after
{Heap after GC invocations=68 (full 0):
 garbage-first heap   total 310272K, used 157175K [0x0000000780000000, 0x0000000800000000)
  region size 1024K, 8 young (8192K), 8 survivors (8192K)
 Metaspace       used 148410K, committed 150848K, reserved 1179648K
  class space    used 20469K, committed 21696K, reserved 1048576K
}
Event: 1309.807 GC heap before
{Heap before GC invocations=69 (full 0):
 garbage-first heap   total 310272K, used 308727K [0x0000000780000000, 0x0000000800000000)
  region size 1024K, 114 young (116736K), 8 survivors (8192K)
 Metaspace       used 148843K, committed 151232K, reserved 1179648K
  class space    used 20474K, committed 21696K, reserved 1048576K
}
Event: 1309.844 GC heap after
{Heap after GC invocations=70 (full 0):
 garbage-first heap   total 316416K, used 155228K [0x0000000780000000, 0x0000000800000000)
  region size 1024K, 6 young (6144K), 6 survivors (6144K)
 Metaspace       used 148843K, committed 151232K, reserved 1179648K
  class space    used 20474K, committed 21696K, reserved 1048576K
}
Event: 1322.844 GC heap before
{Heap before GC invocations=70 (full 0):
 garbage-first heap   total 316416K, used 293468K [0x0000000780000000, 0x0000000800000000)
  region size 1024K, 141 young (144384K), 6 survivors (6144K)
 Metaspace       used 149294K, committed 151680K, reserved 1179648K
  class space    used 20480K, committed 21696K, reserved 1048576K
}
Event: 1322.944 GC heap after
{Heap after GC invocations=71 (full 0):
 garbage-first heap   total 321536K, used 158439K [0x0000000780000000, 0x0000000800000000)
  region size 1024K, 18 young (18432K), 18 survivors (18432K)
 Metaspace       used 149294K, committed 151680K, reserved 1179648K
  class space    used 20480K, committed 21696K, reserved 1048576K
}
Event: 1323.608 GC heap before
{Heap before GC invocations=71 (full 0):
 garbage-first heap   total 321536K, used 284391K [0x0000000780000000, 0x0000000800000000)
  region size 1024K, 142 young (145408K), 18 survivors (18432K)
 Metaspace       used 149326K, committed 151744K, reserved 1179648K
  class space    used 20480K, committed 21696K, reserved 1048576K
}
Event: 1323.670 GC heap after
{Heap after GC invocations=72 (full 0):
 garbage-first heap   total 321536K, used 164864K [0x0000000780000000, 0x0000000800000000)
  region size 1024K, 6 young (6144K), 6 survivors (6144K)
 Metaspace       used 149326K, committed 151744K, reserved 1179648K
  class space    used 20480K, committed 21696K, reserved 1048576K
}

