# JRE version: OpenJDK Runtime Environment (21.0.6) (build 21.0.6+-13119726-b895.91)
# Java VM: OpenJDK 64-Bit Server VM (21.0.6+-13119726-b895.91, mixed mode, tiered, compressed oops, compressed class ptrs, g1 gc, bsd-amd64)
GC Precious Log:
 CardTable entry size: 512
 Card Set container configuration: InlinePtr #cards 5 size 8 Array Of Cards #cards 12 size 40 Howl #buckets 4 coarsen threshold 1843 Howl Bitmap #cards 512 size 80 coarsen threshold 460 Card regions per heap region 1 cards per card region 2048
 CPUs: 4 total, 4 available
 Memory: 8192M
 Large Page Support: Disabled
 NUMA Support: Disabled
 Compressed Oops: Enabled (Zero based)
 Heap Region Size: 1M
 Heap Min Capacity: 8M
 Heap Initial Capacity: 128M
 Heap Max Capacity: 2G
 Pre-touch: Disabled
 Parallel Workers: 4
 Concurrent Workers: 1
 Concurrent Refinement Workers: 4
 Periodic GC: Disabled
Heap:
 garbage-first heap   total 348160K, used 271472K [0x0000000780000000, 0x0000000800000000)
  region size 1024K, 143 young (146432K), 3 survivors (3072K)
 Metaspace       used 151133K, committed 153792K, reserved 1245184K
  class space    used 20162K, committed 21952K, reserved 1048576K
GC Heap History (20 events):
Event: 3511.081 GC heap after
{Heap after GC invocations=70 (full 0):
 garbage-first heap   total 501760K, used 162573K [0x0000000780000000, 0x0000000800000000)
  region size 1024K, 14 young (14336K), 14 survivors (14336K)
 Metaspace       used 149268K, committed 153472K, reserved 1245184K
  class space    used 20068K, committed 21952K, reserved 1048576K
}
Event: 3947.783 GC heap before
{Heap before GC invocations=70 (full 0):
 garbage-first heap   total 501760K, used 490253K [0x0000000780000000, 0x0000000800000000)
  region size 1024K, 294 young (301056K), 14 survivors (14336K)
 Metaspace       used 149863K, committed 153536K, reserved 1245184K
  class space    used 20132K, committed 21952K, reserved 1048576K
}
Event: 3947.891 GC heap after
{Heap after GC invocations=71 (full 0):
 garbage-first heap   total 501760K, used 133519K [0x0000000780000000, 0x0000000800000000)
  region size 1024K, 2 young (2048K), 2 survivors (2048K)
 Metaspace       used 149863K, committed 153536K, reserved 1245184K
  class space    used 20132K, committed 21952K, reserved 1048576K
}
Event: 4085.713 GC heap before
{Heap before GC invocations=71 (full 0):
 garbage-first heap   total 501760K, used 348559K [0x0000000780000000, 0x0000000800000000)
  region size 1024K, 214 young (219136K), 2 survivors (2048K)
 Metaspace       used 150066K, committed 153600K, reserved 1245184K
  class space    used 20136K, committed 21952K, reserved 1048576K
}
Event: 4085.785 GC heap after
{Heap after GC invocations=72 (full 0):
 garbage-first heap   total 501760K, used 154511K [0x0000000780000000, 0x0000000800000000)
  region size 1024K, 23 young (23552K), 23 survivors (23552K)
 Metaspace       used 150066K, committed 153600K, reserved 1245184K
  class space    used 20136K, committed 21952K, reserved 1048576K
}
Event: 4896.135 GC heap before
{Heap before GC invocations=73 (full 0):
 garbage-first heap   total 501760K, used 472975K [0x0000000780000000, 0x0000000800000000)
  region size 1024K, 294 young (301056K), 23 survivors (23552K)
 Metaspace       used 150473K, committed 153664K, reserved 1245184K
  class space    used 20145K, committed 21952K, reserved 1048576K
}
Event: 4896.229 GC heap after
{Heap after GC invocations=74 (full 0):
 garbage-first heap   total 501760K, used 147929K [0x0000000780000000, 0x0000000800000000)
  region size 1024K, 14 young (14336K), 14 survivors (14336K)
 Metaspace       used 150473K, committed 153664K, reserved 1245184K
  class space    used 20145K, committed 21952K, reserved 1048576K
}
Event: 5012.048 GC heap before
{Heap before GC invocations=74 (full 0):
 garbage-first heap   total 501760K, used 187865K [0x0000000780000000, 0x0000000800000000)
  region size 1024K, 53 young (54272K), 14 survivors (14336K)
 Metaspace       used 150495K, committed 153664K, reserved 1245184K
  class space    used 20145K, committed 21952K, reserved 1048576K
}
Event: 5012.157 GC heap after
{Heap after GC invocations=75 (full 0):
 garbage-first heap   total 501760K, used 136933K [0x0000000780000000, 0x0000000800000000)
  region size 1024K, 2 young (2048K), 2 survivors (2048K)
 Metaspace       used 150495K, committed 153664K, reserved 1245184K
  class space    used 20145K, committed 21952K, reserved 1048576K
}
Event: 7686.562 GC heap before
{Heap before GC invocations=75 (full 0):
 garbage-first heap   total 501760K, used 184037K [0x0000000780000000, 0x0000000800000000)
  region size 1024K, 50 young (51200K), 2 survivors (2048K)
 Metaspace       used 150511K, committed 153664K, reserved 1245184K
  class space    used 20145K, committed 21952K, reserved 1048576K
}
Event: 7687.050 GC heap after
{Heap after GC invocations=76 (full 1):
 garbage-first heap   total 348160K, used 101797K [0x0000000780000000, 0x0000000800000000)
  region size 1024K, 0 young (0K), 0 survivors (0K)
 Metaspace       used 150511K, committed 153664K, reserved 1245184K
  class space    used 20145K, committed 21952K, reserved 1048576K
}
Event: 9452.130 GC heap before
{Heap before GC invocations=76 (full 1):
 garbage-first heap   total 348160K, used 302501K [0x0000000780000000, 0x0000000800000000)
  region size 1024K, 197 young (201728K), 0 survivors (0K)
 Metaspace       used 150686K, committed 153664K, reserved 1245184K
  class space    used 20151K, committed 21952K, reserved 1048576K
}
Event: 9452.236 GC heap after
{Heap after GC invocations=77 (full 1):
 garbage-first heap   total 348160K, used 106912K [0x0000000780000000, 0x0000000800000000)
  region size 1024K, 5 young (5120K), 5 survivors (5120K)
 Metaspace       used 150686K, committed 153664K, reserved 1245184K
  class space    used 20151K, committed 21952K, reserved 1048576K
}
Event: 9542.200 GC heap before
{Heap before GC invocations=78 (full 1):
 garbage-first heap   total 348160K, used 308640K [0x0000000780000000, 0x0000000800000000)
  region size 1024K, 203 young (207872K), 5 survivors (5120K)
 Metaspace       used 150951K, committed 153728K, reserved 1245184K
  class space    used 20147K, committed 21952K, reserved 1048576K
}
Event: 9542.413 GC heap after
{Heap after GC invocations=79 (full 1):
 garbage-first heap   total 348160K, used 116133K [0x0000000780000000, 0x0000000800000000)
  region size 1024K, 14 young (14336K), 14 survivors (14336K)
 Metaspace       used 150951K, committed 153728K, reserved 1245184K
  class space    used 20147K, committed 21952K, reserved 1048576K
}
Event: 9555.458 GC heap before
{Heap before GC invocations=79 (full 1):
 garbage-first heap   total 348160K, used 206245K [0x0000000780000000, 0x0000000800000000)
  region size 1024K, 103 young (105472K), 14 survivors (14336K)
 Metaspace       used 151088K, committed 153792K, reserved 1245184K
  class space    used 20158K, committed 21952K, reserved 1048576K
}
Event: 9555.566 GC heap after
{Heap after GC invocations=80 (full 1):
 garbage-first heap   total 348160K, used 125609K [0x0000000780000000, 0x0000000800000000)
  region size 1024K, 10 young (10240K), 10 survivors (10240K)
 Metaspace       used 151088K, committed 153792K, reserved 1245184K
  class space    used 20158K, committed 21952K, reserved 1048576K
}
Event: 9555.649 GC heap before
{Heap before GC invocations=80 (full 1):
 garbage-first heap   total 348160K, used 165545K [0x0000000780000000, 0x0000000800000000)
  region size 1024K, 49 young (50176K), 10 survivors (10240K)
 Metaspace       used 151088K, committed 153792K, reserved 1245184K
  class space    used 20158K, committed 21952K, reserved 1048576K
}
Event: 9555.681 GC heap after
{Heap after GC invocations=81 (full 1):
 garbage-first heap   total 348160K, used 128112K [0x0000000780000000, 0x0000000800000000)
  region size 1024K, 4 young (4096K), 4 survivors (4096K)
 Metaspace       used 151088K, committed 153792K, reserved 1245184K
  class space    used 20158K, committed 21952K, reserved 1048576K
}
Event: 9556.077 GC heap before
{Heap before GC invocations=81 (full 1):
 garbage-first heap   total 348160K, used 270448K [0x0000000780000000, 0x0000000800000000)
  region size 1024K, 144 young (147456K), 4 survivors (4096K)
 Metaspace       used 151133K, committed 153792K, reserved 1245184K
  class space    used 20162K, committed 21952K, reserved 1048576K
}

